2025-01-31 02:38:12,951 [Worker-5: Loading available Gradle versions] INFO  o.e.b.c.i.u.g.PublishedGradleVersions - Gradle version information cache is not available. Remote download required.
2025-01-31 02:38:38,866 [Worker-0: Importing Maven projects] INFO  o.e.m.c.i.l.LifecycleMappingFactory - Using org.eclipse.m2e.jdt.JarLifecycleMapping lifecycle mapping for MavenProject: com.demo:AmbulanceCabService:0.0.1-SNAPSHOT @ D:\Ambulance_Service\Back-end\AmbulanceCabService\pom.xml.
2025-01-31 02:38:40,460 [Worker-0: Importing Maven projects] INFO  o.e.m.j.i.AbstractJavaProjectConfigurator - Adding source folder /AmbulanceCabService/src/main/java
2025-01-31 02:38:40,463 [Worker-0: Importing Maven projects] INFO  o.e.m.j.i.AbstractJavaProjectConfigurator - Adding resource folder /AmbulanceCabService/src/main/resources
2025-01-31 02:38:40,468 [Worker-0: Importing Maven projects] INFO  o.e.m.j.i.AbstractJavaProjectConfigurator - Adding resource folder /AmbulanceCabService/src/main/resources
2025-01-31 02:38:40,472 [Worker-0: Importing Maven projects] INFO  o.e.m.j.i.AbstractJavaProjectConfigurator - Adding source folder /AmbulanceCabService/src/test/java
2025-01-31 02:38:40,473 [Worker-0: Importing Maven projects] INFO  o.e.m.j.i.AbstractJavaProjectConfigurator - Adding resource folder /AmbulanceCabService/src/test/resources
2025-01-31 02:38:41,317 [Worker-0: Importing Maven projects] INFO  o.e.m.c.i.p.ProjectConfigurationManager - Imported and configured 1 project(s) in 5 sec
2025-01-31 02:38:42,152 [Worker-5: Building] INFO  o.a.m.s.f.DefaultMavenResourcesFiltering - Copying 1 resource from src\main\resources to target\classes
2025-01-31 02:38:42,174 [Worker-5: Building] INFO  o.a.m.s.f.DefaultMavenResourcesFiltering - Copying 0 resource from src\main\resources to target\classes
2025-01-31 02:38:42,179 [Worker-5: Building] INFO  o.a.m.s.f.DefaultMavenResourcesFiltering - skip non existing resourceDirectory D:\Ambulance_Service\Back-end\AmbulanceCabService\src\test\resources
2025-01-31 02:41:19,349 [Worker-12: Importing Maven projects] INFO  o.e.m.c.i.l.LifecycleMappingFactory - Using org.eclipse.m2e.jdt.JarLifecycleMapping lifecycle mapping for MavenProject: com.demo:LoginDemo:0.0.1-SNAPSHOT @ D:\Demo Project\Backend\LoginDemo\pom.xml.
2025-01-31 02:41:20,177 [Worker-12: Importing Maven projects] INFO  o.e.m.j.i.AbstractJavaProjectConfigurator - Adding source folder /LoginDemo/src/main/java
2025-01-31 02:41:20,178 [Worker-12: Importing Maven projects] INFO  o.e.m.j.i.AbstractJavaProjectConfigurator - Adding resource folder /LoginDemo/src/main/resources
2025-01-31 02:41:20,179 [Worker-12: Importing Maven projects] INFO  o.e.m.j.i.AbstractJavaProjectConfigurator - Adding resource folder /LoginDemo/src/main/resources
2025-01-31 02:41:20,180 [Worker-12: Importing Maven projects] INFO  o.e.m.j.i.AbstractJavaProjectConfigurator - Adding source folder /LoginDemo/src/test/java
2025-01-31 02:41:20,181 [Worker-12: Importing Maven projects] INFO  o.e.m.j.i.AbstractJavaProjectConfigurator - Adding resource folder /LoginDemo/src/test/resources
2025-01-31 02:41:20,502 [Worker-12: Importing Maven projects] INFO  o.e.m.c.i.p.ProjectConfigurationManager - Imported and configured 1 project(s) in 1 sec
2025-01-31 02:41:20,996 [Worker-12: Building] INFO  o.a.m.s.f.DefaultMavenResourcesFiltering - Copying 1 resource from src\main\resources to target\classes
2025-01-31 02:41:21,010 [Worker-12: Building] INFO  o.a.m.s.f.DefaultMavenResourcesFiltering - Copying 0 resource from src\main\resources to target\classes
2025-01-31 02:41:21,015 [Worker-12: Building] INFO  o.a.m.s.f.DefaultMavenResourcesFiltering - skip non existing resourceDirectory D:\Demo Project\Backend\LoginDemo\src\test\resources
2025-01-31 02:41:48,861 [Worker-8: Importing Maven projects] INFO  o.e.m.c.i.p.ProjectConfigurationManager - Imported and configured 1 project(s) in 0 sec
2025-01-31 02:44:08,552 [Worker-9: Building] INFO  o.a.m.s.f.DefaultMavenResourcesFiltering - Copying 1 resource from src\main\resources to target\classes
2025-01-31 02:44:08,569 [Worker-9: Building] INFO  o.a.m.s.f.DefaultMavenResourcesFiltering - Copying 0 resource from src\main\resources to target\classes
2025-01-31 02:44:08,575 [Worker-9: Building] INFO  o.a.m.s.f.DefaultMavenResourcesFiltering - skip non existing resourceDirectory D:\Ambulance_Service\Back-end\AmbulanceCabService\src\test\resources
2025-01-31 02:44:21,986 [Worker-8: Building] INFO  o.a.m.s.f.DefaultMavenResourcesFiltering - Copying 1 resource from src\main\resources to target\classes
2025-01-31 02:44:21,992 [Worker-8: Building] INFO  o.a.m.s.f.DefaultMavenResourcesFiltering - Copying 0 resource from src\main\resources to target\classes
2025-01-31 02:44:21,998 [Worker-8: Building] INFO  o.a.m.s.f.DefaultMavenResourcesFiltering - skip non existing resourceDirectory D:\Ambulance_Service\Back-end\AmbulanceCabService\src\test\resources
2025-01-31 02:44:35,797 [Worker-4: Building] INFO  o.a.m.s.f.DefaultMavenResourcesFiltering - Copying 1 resource from src\main\resources to target\classes
2025-01-31 02:44:35,830 [Worker-4: Building] INFO  o.a.m.s.f.DefaultMavenResourcesFiltering - Copying 0 resource from src\main\resources to target\classes
2025-01-31 02:44:35,836 [Worker-4: Building] INFO  o.a.m.s.f.DefaultMavenResourcesFiltering - skip non existing resourceDirectory D:\Ambulance_Service\Back-end\AmbulanceCabService\src\test\resources
2025-01-31 02:44:46,885 [Worker-9: Building] INFO  o.a.m.s.f.DefaultMavenResourcesFiltering - Copying 1 resource from src\main\resources to target\classes
2025-01-31 02:44:46,892 [Worker-9: Building] INFO  o.a.m.s.f.DefaultMavenResourcesFiltering - Copying 0 resource from src\main\resources to target\classes
2025-01-31 02:44:46,899 [Worker-9: Building] INFO  o.a.m.s.f.DefaultMavenResourcesFiltering - skip non existing resourceDirectory D:\Ambulance_Service\Back-end\AmbulanceCabService\src\test\resources
2025-01-31 02:44:57,598 [Worker-10: Building] INFO  o.a.m.s.f.DefaultMavenResourcesFiltering - Copying 1 resource from src\main\resources to target\classes
2025-01-31 02:44:57,603 [Worker-10: Building] INFO  o.a.m.s.f.DefaultMavenResourcesFiltering - Copying 0 resource from src\main\resources to target\classes
2025-01-31 02:44:57,606 [Worker-10: Building] INFO  o.a.m.s.f.DefaultMavenResourcesFiltering - skip non existing resourceDirectory D:\Ambulance_Service\Back-end\AmbulanceCabService\src\test\resources
2025-01-31 02:45:04,893 [Worker-11: Building] INFO  o.a.m.s.f.DefaultMavenResourcesFiltering - Copying 1 resource from src\main\resources to target\classes
2025-01-31 02:45:04,900 [Worker-11: Building] INFO  o.a.m.s.f.DefaultMavenResourcesFiltering - Copying 0 resource from src\main\resources to target\classes
2025-01-31 02:45:04,906 [Worker-11: Building] INFO  o.a.m.s.f.DefaultMavenResourcesFiltering - skip non existing resourceDirectory D:\Ambulance_Service\Back-end\AmbulanceCabService\src\test\resources
2025-01-31 02:45:43,610 [Worker-6: Building] INFO  o.a.m.s.f.DefaultMavenResourcesFiltering - Copying 1 resource from src\main\resources to target\classes
2025-01-31 02:45:43,619 [Worker-6: Building] INFO  o.a.m.s.f.DefaultMavenResourcesFiltering - Copying 0 resource from src\main\resources to target\classes
2025-01-31 02:45:43,627 [Worker-6: Building] INFO  o.a.m.s.f.DefaultMavenResourcesFiltering - skip non existing resourceDirectory D:\Ambulance_Service\Back-end\AmbulanceCabService\src\test\resources
2025-01-31 02:46:32,761 [Worker-1: Building] INFO  o.a.m.s.f.DefaultMavenResourcesFiltering - Copying 1 resource from src\main\resources to target\classes
2025-01-31 02:46:32,766 [Worker-1: Building] INFO  o.a.m.s.f.DefaultMavenResourcesFiltering - Copying 0 resource from src\main\resources to target\classes
2025-01-31 02:46:32,772 [Worker-1: Building] INFO  o.a.m.s.f.DefaultMavenResourcesFiltering - skip non existing resourceDirectory D:\Ambulance_Service\Back-end\AmbulanceCabService\src\test\resources
2025-01-31 02:46:57,449 [Worker-1: Building] INFO  o.a.m.s.f.DefaultMavenResourcesFiltering - Copying 1 resource from src\main\resources to target\classes
2025-01-31 02:46:57,454 [Worker-1: Building] INFO  o.a.m.s.f.DefaultMavenResourcesFiltering - Copying 0 resource from src\main\resources to target\classes
2025-01-31 02:46:57,458 [Worker-1: Building] INFO  o.a.m.s.f.DefaultMavenResourcesFiltering - skip non existing resourceDirectory D:\Ambulance_Service\Back-end\AmbulanceCabService\src\test\resources
2025-01-31 02:54:44,607 [Worker-14: Building] INFO  o.a.m.s.f.DefaultMavenResourcesFiltering - Copying 1 resource from src\main\resources to target\classes
2025-01-31 02:54:44,612 [Worker-14: Building] INFO  o.a.m.s.f.DefaultMavenResourcesFiltering - Copying 0 resource from src\main\resources to target\classes
2025-01-31 02:54:44,616 [Worker-14: Building] INFO  o.a.m.s.f.DefaultMavenResourcesFiltering - skip non existing resourceDirectory D:\Ambulance_Service\Back-end\AmbulanceCabService\src\test\resources
2025-01-31 02:55:06,961 [Worker-16: Building] INFO  o.a.m.s.f.DefaultMavenResourcesFiltering - Copying 1 resource from src\main\resources to target\classes
2025-01-31 02:55:06,966 [Worker-16: Building] INFO  o.a.m.s.f.DefaultMavenResourcesFiltering - Copying 0 resource from src\main\resources to target\classes
2025-01-31 02:55:06,970 [Worker-16: Building] INFO  o.a.m.s.f.DefaultMavenResourcesFiltering - skip non existing resourceDirectory D:\Ambulance_Service\Back-end\AmbulanceCabService\src\test\resources
2025-01-31 02:56:02,285 [Worker-16: Building] INFO  o.a.m.s.f.DefaultMavenResourcesFiltering - Copying 1 resource from src\main\resources to target\classes
2025-01-31 02:56:02,290 [Worker-16: Building] INFO  o.a.m.s.f.DefaultMavenResourcesFiltering - Copying 0 resource from src\main\resources to target\classes
2025-01-31 02:56:02,294 [Worker-16: Building] INFO  o.a.m.s.f.DefaultMavenResourcesFiltering - skip non existing resourceDirectory D:\Ambulance_Service\Back-end\AmbulanceCabService\src\test\resources
2025-01-31 02:56:33,243 [Worker-16: Building] INFO  o.a.m.s.f.DefaultMavenResourcesFiltering - Copying 1 resource from src\main\resources to target\classes
2025-01-31 02:56:33,251 [Worker-16: Building] INFO  o.a.m.s.f.DefaultMavenResourcesFiltering - Copying 0 resource from src\main\resources to target\classes
2025-01-31 02:56:33,255 [Worker-16: Building] INFO  o.a.m.s.f.DefaultMavenResourcesFiltering - skip non existing resourceDirectory D:\Ambulance_Service\Back-end\AmbulanceCabService\src\test\resources
2025-01-31 02:58:02,297 [main] INFO  o.e.m2e.actions.ExecutePomAction - Creating new launch configuration
2025-01-31 02:59:26,100 [main] INFO  o.e.m2e.actions.ExecutePomAction - Creating new launch configuration
2025-01-31 02:59:36,481 [Worker-15: Launching AmbulanceCabService (1)] INFO  o.eclipse.m2e.core.internal.Bundles - getClasspathEntries(Bundle=org.eclipse.m2e.maven.runtime_3.9.900.20240824-1409 [364])
2025-01-31 02:59:36,486 [Worker-15: Launching AmbulanceCabService (1)] INFO  o.eclipse.m2e.core.internal.Bundles - 	Entry: D:\sts-4.27.0.RELEASE\plugins\org.eclipse.m2e.maven.runtime_3.9.900.20240824-1409
2025-01-31 02:59:36,487 [Worker-15: Launching AmbulanceCabService (1)] INFO  o.eclipse.m2e.core.internal.Bundles - 	Entry: D:\sts-4.27.0.RELEASE\plugins\org.eclipse.m2e.maven.runtime_3.9.900.20240824-1409\jars\aopalliance-1.0.jar
2025-01-31 02:59:36,487 [Worker-15: Launching AmbulanceCabService (1)] INFO  o.eclipse.m2e.core.internal.Bundles - 	Entry: D:\sts-4.27.0.RELEASE\plugins\org.eclipse.m2e.maven.runtime_3.9.900.20240824-1409\jars\guice-5.1.0.jar
2025-01-31 02:59:36,487 [Worker-15: Launching AmbulanceCabService (1)] INFO  o.eclipse.m2e.core.internal.Bundles - 	Entry: D:\sts-4.27.0.RELEASE\plugins\org.eclipse.m2e.maven.runtime_3.9.900.20240824-1409\jars\httpclient-4.5.14.jar
2025-01-31 02:59:36,487 [Worker-15: Launching AmbulanceCabService (1)] INFO  o.eclipse.m2e.core.internal.Bundles - 	Entry: D:\sts-4.27.0.RELEASE\plugins\org.eclipse.m2e.maven.runtime_3.9.900.20240824-1409\jars\httpcore-4.4.16.jar
2025-01-31 02:59:36,487 [Worker-15: Launching AmbulanceCabService (1)] INFO  o.eclipse.m2e.core.internal.Bundles - 	Entry: D:\sts-4.27.0.RELEASE\plugins\org.eclipse.m2e.maven.runtime_3.9.900.20240824-1409\jars\jansi-2.4.1.jar
2025-01-31 02:59:36,487 [Worker-15: Launching AmbulanceCabService (1)] INFO  o.eclipse.m2e.core.internal.Bundles - 	Entry: D:\sts-4.27.0.RELEASE\plugins\org.eclipse.m2e.maven.runtime_3.9.900.20240824-1409\jars\jcl-over-slf4j-1.7.36.jar
2025-01-31 02:59:36,488 [Worker-15: Launching AmbulanceCabService (1)] INFO  o.eclipse.m2e.core.internal.Bundles - 	Entry: D:\sts-4.27.0.RELEASE\plugins\org.eclipse.m2e.maven.runtime_3.9.900.20240824-1409\jars\maven-artifact-3.9.9.jar
2025-01-31 02:59:36,488 [Worker-15: Launching AmbulanceCabService (1)] INFO  o.eclipse.m2e.core.internal.Bundles - 	Entry: D:\sts-4.27.0.RELEASE\plugins\org.eclipse.m2e.maven.runtime_3.9.900.20240824-1409\jars\maven-builder-support-3.9.9.jar
2025-01-31 02:59:36,488 [Worker-15: Launching AmbulanceCabService (1)] INFO  o.eclipse.m2e.core.internal.Bundles - 	Entry: D:\sts-4.27.0.RELEASE\plugins\org.eclipse.m2e.maven.runtime_3.9.900.20240824-1409\jars\maven-compat-3.9.9.jar
2025-01-31 02:59:36,488 [Worker-15: Launching AmbulanceCabService (1)] INFO  o.eclipse.m2e.core.internal.Bundles - 	Entry: D:\sts-4.27.0.RELEASE\plugins\org.eclipse.m2e.maven.runtime_3.9.900.20240824-1409\jars\maven-core-3.9.9.jar
2025-01-31 02:59:36,488 [Worker-15: Launching AmbulanceCabService (1)] INFO  o.eclipse.m2e.core.internal.Bundles - 	Entry: D:\sts-4.27.0.RELEASE\plugins\org.eclipse.m2e.maven.runtime_3.9.900.20240824-1409\jars\maven-embedder-3.9.9.jar
2025-01-31 02:59:36,488 [Worker-15: Launching AmbulanceCabService (1)] INFO  o.eclipse.m2e.core.internal.Bundles - 	Entry: D:\sts-4.27.0.RELEASE\plugins\org.eclipse.m2e.maven.runtime_3.9.900.20240824-1409\jars\maven-model-3.9.9.jar
2025-01-31 02:59:36,488 [Worker-15: Launching AmbulanceCabService (1)] INFO  o.eclipse.m2e.core.internal.Bundles - 	Entry: D:\sts-4.27.0.RELEASE\plugins\org.eclipse.m2e.maven.runtime_3.9.900.20240824-1409\jars\maven-model-builder-3.9.9.jar
2025-01-31 02:59:36,488 [Worker-15: Launching AmbulanceCabService (1)] INFO  o.eclipse.m2e.core.internal.Bundles - 	Entry: D:\sts-4.27.0.RELEASE\plugins\org.eclipse.m2e.maven.runtime_3.9.900.20240824-1409\jars\maven-plugin-api-3.9.9.jar
2025-01-31 02:59:36,489 [Worker-15: Launching AmbulanceCabService (1)] INFO  o.eclipse.m2e.core.internal.Bundles - 	Entry: D:\sts-4.27.0.RELEASE\plugins\org.eclipse.m2e.maven.runtime_3.9.900.20240824-1409\jars\maven-repository-metadata-3.9.9.jar
2025-01-31 02:59:36,489 [Worker-15: Launching AmbulanceCabService (1)] INFO  o.eclipse.m2e.core.internal.Bundles - 	Entry: D:\sts-4.27.0.RELEASE\plugins\org.eclipse.m2e.maven.runtime_3.9.900.20240824-1409\jars\maven-resolver-api-1.9.22.jar
2025-01-31 02:59:36,489 [Worker-15: Launching AmbulanceCabService (1)] INFO  o.eclipse.m2e.core.internal.Bundles - 	Entry: D:\sts-4.27.0.RELEASE\plugins\org.eclipse.m2e.maven.runtime_3.9.900.20240824-1409\jars\maven-resolver-connector-basic-1.9.22.jar
2025-01-31 02:59:36,489 [Worker-15: Launching AmbulanceCabService (1)] INFO  o.eclipse.m2e.core.internal.Bundles - 	Entry: D:\sts-4.27.0.RELEASE\plugins\org.eclipse.m2e.maven.runtime_3.9.900.20240824-1409\jars\maven-resolver-impl-1.9.22.jar
2025-01-31 02:59:36,489 [Worker-15: Launching AmbulanceCabService (1)] INFO  o.eclipse.m2e.core.internal.Bundles - 	Entry: D:\sts-4.27.0.RELEASE\plugins\org.eclipse.m2e.maven.runtime_3.9.900.20240824-1409\jars\maven-resolver-named-locks-1.9.22.jar
2025-01-31 02:59:36,489 [Worker-15: Launching AmbulanceCabService (1)] INFO  o.eclipse.m2e.core.internal.Bundles - 	Entry: D:\sts-4.27.0.RELEASE\plugins\org.eclipse.m2e.maven.runtime_3.9.900.20240824-1409\jars\maven-resolver-provider-3.9.9.jar
2025-01-31 02:59:36,489 [Worker-15: Launching AmbulanceCabService (1)] INFO  o.eclipse.m2e.core.internal.Bundles - 	Entry: D:\sts-4.27.0.RELEASE\plugins\org.eclipse.m2e.maven.runtime_3.9.900.20240824-1409\jars\maven-resolver-spi-1.9.22.jar
2025-01-31 02:59:36,489 [Worker-15: Launching AmbulanceCabService (1)] INFO  o.eclipse.m2e.core.internal.Bundles - 	Entry: D:\sts-4.27.0.RELEASE\plugins\org.eclipse.m2e.maven.runtime_3.9.900.20240824-1409\jars\maven-resolver-transport-file-1.9.22.jar
2025-01-31 02:59:36,489 [Worker-15: Launching AmbulanceCabService (1)] INFO  o.eclipse.m2e.core.internal.Bundles - 	Entry: D:\sts-4.27.0.RELEASE\plugins\org.eclipse.m2e.maven.runtime_3.9.900.20240824-1409\jars\maven-resolver-transport-http-1.9.22.jar
2025-01-31 02:59:36,490 [Worker-15: Launching AmbulanceCabService (1)] INFO  o.eclipse.m2e.core.internal.Bundles - 	Entry: D:\sts-4.27.0.RELEASE\plugins\org.eclipse.m2e.maven.runtime_3.9.900.20240824-1409\jars\maven-resolver-transport-wagon-1.9.22.jar
2025-01-31 02:59:36,490 [Worker-15: Launching AmbulanceCabService (1)] INFO  o.eclipse.m2e.core.internal.Bundles - 	Entry: D:\sts-4.27.0.RELEASE\plugins\org.eclipse.m2e.maven.runtime_3.9.900.20240824-1409\jars\maven-resolver-util-1.9.22.jar
2025-01-31 02:59:36,490 [Worker-15: Launching AmbulanceCabService (1)] INFO  o.eclipse.m2e.core.internal.Bundles - 	Entry: D:\sts-4.27.0.RELEASE\plugins\org.eclipse.m2e.maven.runtime_3.9.900.20240824-1409\jars\maven-settings-3.9.9.jar
2025-01-31 02:59:36,490 [Worker-15: Launching AmbulanceCabService (1)] INFO  o.eclipse.m2e.core.internal.Bundles - 	Entry: D:\sts-4.27.0.RELEASE\plugins\org.eclipse.m2e.maven.runtime_3.9.900.20240824-1409\jars\maven-settings-builder-3.9.9.jar
2025-01-31 02:59:36,490 [Worker-15: Launching AmbulanceCabService (1)] INFO  o.eclipse.m2e.core.internal.Bundles - 	Entry: D:\sts-4.27.0.RELEASE\plugins\org.eclipse.m2e.maven.runtime_3.9.900.20240824-1409\jars\maven-shared-utils-3.4.2.jar
2025-01-31 02:59:36,490 [Worker-15: Launching AmbulanceCabService (1)] INFO  o.eclipse.m2e.core.internal.Bundles - 	Entry: D:\sts-4.27.0.RELEASE\plugins\org.eclipse.m2e.maven.runtime_3.9.900.20240824-1409\jars\org.eclipse.sisu.inject-0.9.0.M3.jar
2025-01-31 02:59:36,490 [Worker-15: Launching AmbulanceCabService (1)] INFO  o.eclipse.m2e.core.internal.Bundles - 	Entry: D:\sts-4.27.0.RELEASE\plugins\org.eclipse.m2e.maven.runtime_3.9.900.20240824-1409\jars\org.eclipse.sisu.plexus-0.9.0.M3.jar
2025-01-31 02:59:36,490 [Worker-15: Launching AmbulanceCabService (1)] INFO  o.eclipse.m2e.core.internal.Bundles - 	Entry: D:\sts-4.27.0.RELEASE\plugins\org.eclipse.m2e.maven.runtime_3.9.900.20240824-1409\jars\plexus-build-api-0.0.7.jar
2025-01-31 02:59:36,490 [Worker-15: Launching AmbulanceCabService (1)] INFO  o.eclipse.m2e.core.internal.Bundles - 	Entry: D:\sts-4.27.0.RELEASE\plugins\org.eclipse.m2e.maven.runtime_3.9.900.20240824-1409\jars\plexus-build-api-1.2.0.jar
2025-01-31 02:59:36,490 [Worker-15: Launching AmbulanceCabService (1)] INFO  o.eclipse.m2e.core.internal.Bundles - 	Entry: D:\sts-4.27.0.RELEASE\plugins\org.eclipse.m2e.maven.runtime_3.9.900.20240824-1409\jars\plexus-cipher-2.0.jar
2025-01-31 02:59:36,491 [Worker-15: Launching AmbulanceCabService (1)] INFO  o.eclipse.m2e.core.internal.Bundles - 	Entry: D:\sts-4.27.0.RELEASE\plugins\org.eclipse.m2e.maven.runtime_3.9.900.20240824-1409\jars\plexus-classworlds-2.8.0.jar
2025-01-31 02:59:36,491 [Worker-15: Launching AmbulanceCabService (1)] INFO  o.eclipse.m2e.core.internal.Bundles - 	Entry: D:\sts-4.27.0.RELEASE\plugins\org.eclipse.m2e.maven.runtime_3.9.900.20240824-1409\jars\plexus-component-annotations-2.1.0.jar
2025-01-31 02:59:36,491 [Worker-15: Launching AmbulanceCabService (1)] INFO  o.eclipse.m2e.core.internal.Bundles - 	Entry: D:\sts-4.27.0.RELEASE\plugins\org.eclipse.m2e.maven.runtime_3.9.900.20240824-1409\jars\plexus-interpolation-1.27.jar
2025-01-31 02:59:36,491 [Worker-15: Launching AmbulanceCabService (1)] INFO  o.eclipse.m2e.core.internal.Bundles - 	Entry: D:\sts-4.27.0.RELEASE\plugins\org.eclipse.m2e.maven.runtime_3.9.900.20240824-1409\jars\plexus-sec-dispatcher-2.0.jar
2025-01-31 02:59:36,491 [Worker-15: Launching AmbulanceCabService (1)] INFO  o.eclipse.m2e.core.internal.Bundles - 	Entry: D:\sts-4.27.0.RELEASE\plugins\org.eclipse.m2e.maven.runtime_3.9.900.20240824-1409\jars\plexus-utils-3.5.1.jar
2025-01-31 02:59:36,491 [Worker-15: Launching AmbulanceCabService (1)] INFO  o.eclipse.m2e.core.internal.Bundles - 	Entry: D:\sts-4.27.0.RELEASE\plugins\org.eclipse.m2e.maven.runtime_3.9.900.20240824-1409\jars\plexus-xml-3.0.1.jar
2025-01-31 02:59:36,491 [Worker-15: Launching AmbulanceCabService (1)] INFO  o.eclipse.m2e.core.internal.Bundles - 	Entry: D:\sts-4.27.0.RELEASE\plugins\org.eclipse.m2e.maven.runtime_3.9.900.20240824-1409\jars\wagon-file-3.5.3.jar
2025-01-31 02:59:36,491 [Worker-15: Launching AmbulanceCabService (1)] INFO  o.eclipse.m2e.core.internal.Bundles - 	Entry: D:\sts-4.27.0.RELEASE\plugins\org.eclipse.m2e.maven.runtime_3.9.900.20240824-1409\jars\wagon-http-3.5.3.jar
2025-01-31 02:59:36,491 [Worker-15: Launching AmbulanceCabService (1)] INFO  o.eclipse.m2e.core.internal.Bundles - 	Entry: D:\sts-4.27.0.RELEASE\plugins\org.eclipse.m2e.maven.runtime_3.9.900.20240824-1409\jars\wagon-http-shared-3.5.3.jar
2025-01-31 02:59:36,491 [Worker-15: Launching AmbulanceCabService (1)] INFO  o.eclipse.m2e.core.internal.Bundles - 	Entry: D:\sts-4.27.0.RELEASE\plugins\org.eclipse.m2e.maven.runtime_3.9.900.20240824-1409\jars\wagon-provider-api-3.5.3.jar
2025-01-31 02:59:36,493 [Worker-15: Launching AmbulanceCabService (1)] INFO  o.eclipse.m2e.core.internal.Bundles - getClasspathEntries(Bundle=com.google.guava_33.3.1.jre [29])
2025-01-31 02:59:36,494 [Worker-15: Launching AmbulanceCabService (1)] INFO  o.eclipse.m2e.core.internal.Bundles - 	Entry: D:\sts-4.27.0.RELEASE\plugins\com.google.guava_33.3.1.jre.jar
2025-01-31 02:59:36,494 [Worker-15: Launching AmbulanceCabService (1)] INFO  o.eclipse.m2e.core.internal.Bundles - getClasspathEntries(Bundle=slf4j.api_2.0.16 [615])
2025-01-31 02:59:36,495 [Worker-15: Launching AmbulanceCabService (1)] INFO  o.eclipse.m2e.core.internal.Bundles - 	Entry: D:\sts-4.27.0.RELEASE\plugins\slf4j.api_2.0.16.jar
2025-01-31 02:59:36,495 [Worker-15: Launching AmbulanceCabService (1)] INFO  o.eclipse.m2e.core.internal.Bundles - getClasspathEntries(Bundle=jakarta.inject.jakarta.inject-api_1.0.5 [45])
2025-01-31 02:59:36,495 [Worker-15: Launching AmbulanceCabService (1)] INFO  o.eclipse.m2e.core.internal.Bundles - 	Entry: D:\sts-4.27.0.RELEASE\plugins\jakarta.inject.jakarta.inject-api_1.0.5.jar
2025-01-31 02:59:36,495 [Worker-15: Launching AmbulanceCabService (1)] INFO  o.eclipse.m2e.core.internal.Bundles - getClasspathEntries(Bundle=jakarta.annotation-api_1.3.5 [41])
2025-01-31 02:59:36,495 [Worker-15: Launching AmbulanceCabService (1)] INFO  o.eclipse.m2e.core.internal.Bundles - 	Entry: D:\sts-4.27.0.RELEASE\plugins\jakarta.annotation-api_1.3.5.jar
2025-01-31 02:59:36,496 [Worker-15: Launching AmbulanceCabService (1)] INFO  o.eclipse.m2e.core.internal.Bundles - getClasspathEntries(Bundle=org.apache.commons.cli_1.9.0 [78])
2025-01-31 02:59:36,496 [Worker-15: Launching AmbulanceCabService (1)] INFO  o.eclipse.m2e.core.internal.Bundles - 	Entry: D:\sts-4.27.0.RELEASE\plugins\org.apache.commons.cli_1.9.0.jar
2025-01-31 02:59:36,496 [Worker-15: Launching AmbulanceCabService (1)] INFO  o.eclipse.m2e.core.internal.Bundles - getClasspathEntries(Bundle=org.apache.commons.commons-codec_1.16.0 [81])
2025-01-31 02:59:36,496 [Worker-15: Launching AmbulanceCabService (1)] INFO  o.eclipse.m2e.core.internal.Bundles - 	Entry: D:\sts-4.27.0.RELEASE\plugins\org.apache.commons.commons-codec_1.16.0.jar
2025-01-31 02:59:36,496 [Worker-15: Launching AmbulanceCabService (1)] INFO  o.eclipse.m2e.core.internal.Bundles - getClasspathEntries(Bundle=com.google.guava.failureaccess_1.0.2 [30])
2025-01-31 02:59:36,497 [Worker-15: Launching AmbulanceCabService (1)] INFO  o.eclipse.m2e.core.internal.Bundles - 	Entry: D:\sts-4.27.0.RELEASE\plugins\com.google.guava.failureaccess_1.0.2.jar
2025-01-31 02:59:36,501 [Worker-15: Launching AmbulanceCabService (1)] INFO  o.e.m.i.launch.MavenLaunchDelegate - Run build in "D:\Ambulance_Service\Back-end\AmbulanceCabService":
2025-01-31 02:59:36,509 [Worker-15: Launching AmbulanceCabService (1)] INFO  o.e.m.i.launch.MavenLaunchDelegate -  mvn  -B -Dstyle.color=always clean package
2025-01-31 02:59:36,613 [Worker-8: Building] INFO  o.a.m.s.f.DefaultMavenResourcesFiltering - Copying 1 resource from src\main\resources to target\classes
2025-01-31 02:59:36,619 [Worker-8: Building] INFO  o.a.m.s.f.DefaultMavenResourcesFiltering - Copying 0 resource from src\main\resources to target\classes
2025-01-31 02:59:36,625 [Worker-8: Building] INFO  o.a.m.s.f.DefaultMavenResourcesFiltering - skip non existing resourceDirectory D:\Ambulance_Service\Back-end\AmbulanceCabService\src\test\resources
2025-01-31 03:06:30,190 [Worker-8: Building] INFO  o.a.m.s.f.DefaultMavenResourcesFiltering - Copying 1 resource from src\main\resources to target\classes
2025-01-31 03:06:30,195 [Worker-8: Building] INFO  o.a.m.s.f.DefaultMavenResourcesFiltering - Copying 0 resource from src\main\resources to target\classes
2025-01-31 03:06:30,202 [Worker-8: Building] INFO  o.a.m.s.f.DefaultMavenResourcesFiltering - skip non existing resourceDirectory D:\Ambulance_Service\Back-end\AmbulanceCabService\src\test\resources
2025-01-31 03:06:47,345 [Worker-17: Building] INFO  o.a.m.s.f.DefaultMavenResourcesFiltering - Copying 1 resource from src\main\resources to target\classes
2025-01-31 03:06:47,347 [Worker-17: Building] INFO  o.a.m.s.f.DefaultMavenResourcesFiltering - Copying 0 resource from src\main\resources to target\classes
2025-01-31 03:06:47,350 [Worker-17: Building] INFO  o.a.m.s.f.DefaultMavenResourcesFiltering - skip non existing resourceDirectory D:\Ambulance_Service\Back-end\AmbulanceCabService\src\test\resources
2025-01-31 03:06:48,603 [Worker-8: Building] INFO  o.a.m.s.f.DefaultMavenResourcesFiltering - Copying 1 resource from src\main\resources to target\classes
2025-01-31 03:06:48,607 [Worker-8: Building] INFO  o.a.m.s.f.DefaultMavenResourcesFiltering - Copying 0 resource from src\main\resources to target\classes
2025-01-31 03:06:48,612 [Worker-8: Building] INFO  o.a.m.s.f.DefaultMavenResourcesFiltering - skip non existing resourceDirectory D:\Ambulance_Service\Back-end\AmbulanceCabService\src\test\resources
2025-01-31 03:06:59,543 [Worker-8: Building] INFO  o.a.m.s.f.DefaultMavenResourcesFiltering - Copying 1 resource from src\main\resources to target\classes
2025-01-31 03:06:59,547 [Worker-8: Building] INFO  o.a.m.s.f.DefaultMavenResourcesFiltering - Copying 0 resource from src\main\resources to target\classes
2025-01-31 03:06:59,550 [Worker-8: Building] INFO  o.a.m.s.f.DefaultMavenResourcesFiltering - skip non existing resourceDirectory D:\Ambulance_Service\Back-end\AmbulanceCabService\src\test\resources
2025-01-31 03:08:06,717 [Worker-16: Building] INFO  o.a.m.s.f.DefaultMavenResourcesFiltering - Copying 1 resource from src\main\resources to target\classes
2025-01-31 03:08:06,724 [Worker-16: Building] INFO  o.a.m.s.f.DefaultMavenResourcesFiltering - Copying 0 resource from src\main\resources to target\classes
2025-01-31 03:08:06,728 [Worker-16: Building] INFO  o.a.m.s.f.DefaultMavenResourcesFiltering - skip non existing resourceDirectory D:\Ambulance_Service\Back-end\AmbulanceCabService\src\test\resources
2025-01-31 03:10:43,797 [Worker-14: Building] INFO  o.a.m.s.f.DefaultMavenResourcesFiltering - Copying 1 resource from src\main\resources to target\classes
2025-01-31 03:10:43,813 [Worker-14: Building] INFO  o.a.m.s.f.DefaultMavenResourcesFiltering - Copying 0 resource from src\main\resources to target\classes
2025-01-31 03:10:43,817 [Worker-14: Building] INFO  o.a.m.s.f.DefaultMavenResourcesFiltering - skip non existing resourceDirectory D:\Ambulance_Service\Back-end\AmbulanceCabService\src\test\resources
2025-01-31 03:11:26,247 [Worker-15: Building] INFO  o.a.m.s.f.DefaultMavenResourcesFiltering - Copying 1 resource from src\main\resources to target\classes
2025-01-31 03:11:26,253 [Worker-15: Building] INFO  o.a.m.s.f.DefaultMavenResourcesFiltering - Copying 0 resource from src\main\resources to target\classes
2025-01-31 03:11:26,257 [Worker-15: Building] INFO  o.a.m.s.f.DefaultMavenResourcesFiltering - skip non existing resourceDirectory D:\Ambulance_Service\Back-end\AmbulanceCabService\src\test\resources
2025-01-31 03:11:35,145 [Worker-16: Building] INFO  o.a.m.s.f.DefaultMavenResourcesFiltering - Copying 1 resource from src\main\resources to target\classes
2025-01-31 03:11:35,150 [Worker-16: Building] INFO  o.a.m.s.f.DefaultMavenResourcesFiltering - Copying 0 resource from src\main\resources to target\classes
2025-01-31 03:11:35,154 [Worker-16: Building] INFO  o.a.m.s.f.DefaultMavenResourcesFiltering - skip non existing resourceDirectory D:\Ambulance_Service\Back-end\AmbulanceCabService\src\test\resources
2025-01-31 03:12:10,276 [Worker-1: Building] INFO  o.a.m.s.f.DefaultMavenResourcesFiltering - Copying 1 resource from src\main\resources to target\classes
2025-01-31 03:12:10,280 [Worker-1: Building] INFO  o.a.m.s.f.DefaultMavenResourcesFiltering - Copying 0 resource from src\main\resources to target\classes
2025-01-31 03:12:10,283 [Worker-1: Building] INFO  o.a.m.s.f.DefaultMavenResourcesFiltering - skip non existing resourceDirectory D:\Ambulance_Service\Back-end\AmbulanceCabService\src\test\resources
2025-01-31 03:14:20,997 [Worker-15: Building] INFO  o.a.m.s.f.DefaultMavenResourcesFiltering - Copying 1 resource from src\main\resources to target\classes
2025-01-31 03:14:21,019 [Worker-15: Building] INFO  o.a.m.s.f.DefaultMavenResourcesFiltering - Copying 0 resource from src\main\resources to target\classes
2025-01-31 03:14:21,022 [Worker-15: Building] INFO  o.a.m.s.f.DefaultMavenResourcesFiltering - skip non existing resourceDirectory D:\Ambulance_Service\Back-end\AmbulanceCabService\src\test\resources
2025-01-31 03:17:11,956 [Worker-8: Building] INFO  o.a.m.s.f.DefaultMavenResourcesFiltering - Copying 1 resource from src\main\resources to target\classes
2025-01-31 03:17:11,961 [Worker-8: Building] INFO  o.a.m.s.f.DefaultMavenResourcesFiltering - Copying 0 resource from src\main\resources to target\classes
2025-01-31 03:17:11,964 [Worker-8: Building] INFO  o.a.m.s.f.DefaultMavenResourcesFiltering - skip non existing resourceDirectory D:\Ambulance_Service\Back-end\AmbulanceCabService\src\test\resources
2025-01-31 03:19:32,064 [Worker-1: Building] INFO  o.a.m.s.f.DefaultMavenResourcesFiltering - Copying 1 resource from src\main\resources to target\classes
2025-01-31 03:19:32,076 [Worker-1: Building] INFO  o.a.m.s.f.DefaultMavenResourcesFiltering - Copying 0 resource from src\main\resources to target\classes
2025-01-31 03:19:32,081 [Worker-1: Building] INFO  o.a.m.s.f.DefaultMavenResourcesFiltering - skip non existing resourceDirectory D:\Ambulance_Service\Back-end\AmbulanceCabService\src\test\resources
2025-01-31 03:19:48,328 [Worker-17: Building] INFO  o.a.m.s.f.DefaultMavenResourcesFiltering - Copying 1 resource from src\main\resources to target\classes
2025-01-31 03:19:48,343 [Worker-17: Building] INFO  o.a.m.s.f.DefaultMavenResourcesFiltering - Copying 0 resource from src\main\resources to target\classes
2025-01-31 03:19:48,347 [Worker-17: Building] INFO  o.a.m.s.f.DefaultMavenResourcesFiltering - skip non existing resourceDirectory D:\Ambulance_Service\Back-end\AmbulanceCabService\src\test\resources
2025-01-31 03:20:25,537 [Worker-15: Building] INFO  o.a.m.s.f.DefaultMavenResourcesFiltering - Copying 1 resource from src\main\resources to target\classes
2025-01-31 03:20:25,550 [Worker-15: Building] INFO  o.a.m.s.f.DefaultMavenResourcesFiltering - Copying 0 resource from src\main\resources to target\classes
2025-01-31 03:20:25,555 [Worker-15: Building] INFO  o.a.m.s.f.DefaultMavenResourcesFiltering - skip non existing resourceDirectory D:\Ambulance_Service\Back-end\AmbulanceCabService\src\test\resources
2025-01-31 03:20:52,244 [Worker-15: Building] INFO  o.a.m.s.f.DefaultMavenResourcesFiltering - Copying 1 resource from src\main\resources to target\classes
2025-01-31 03:20:52,249 [Worker-15: Building] INFO  o.a.m.s.f.DefaultMavenResourcesFiltering - Copying 0 resource from src\main\resources to target\classes
2025-01-31 03:20:52,252 [Worker-15: Building] INFO  o.a.m.s.f.DefaultMavenResourcesFiltering - skip non existing resourceDirectory D:\Ambulance_Service\Back-end\AmbulanceCabService\src\test\resources
2025-01-31 04:06:22,208 [Worker-1: Building] INFO  o.a.m.s.f.DefaultMavenResourcesFiltering - Copying 1 resource from src\main\resources to target\classes
2025-01-31 04:06:22,231 [Worker-1: Building] INFO  o.a.m.s.f.DefaultMavenResourcesFiltering - Copying 0 resource from src\main\resources to target\classes
2025-01-31 04:06:22,239 [Worker-1: Building] INFO  o.a.m.s.f.DefaultMavenResourcesFiltering - skip non existing resourceDirectory D:\Ambulance_Service\Back-end\AmbulanceCabService\src\test\resources
2025-01-31 04:21:17,514 [Worker-1: Building] INFO  o.a.m.s.f.DefaultMavenResourcesFiltering - Copying 1 resource from src\main\resources to target\classes
2025-01-31 04:21:17,566 [Worker-1: Building] INFO  o.a.m.s.f.DefaultMavenResourcesFiltering - Copying 0 resource from src\main\resources to target\classes
2025-01-31 04:21:17,571 [Worker-1: Building] INFO  o.a.m.s.f.DefaultMavenResourcesFiltering - skip non existing resourceDirectory D:\Ambulance_Service\Back-end\AmbulanceCabService\src\test\resources
2025-01-31 04:24:45,891 [Worker-22: Building] INFO  o.a.m.s.f.DefaultMavenResourcesFiltering - Copying 1 resource from src\main\resources to target\classes
2025-01-31 04:24:45,920 [Worker-22: Building] INFO  o.a.m.s.f.DefaultMavenResourcesFiltering - Copying 0 resource from src\main\resources to target\classes
2025-01-31 04:24:45,925 [Worker-22: Building] INFO  o.a.m.s.f.DefaultMavenResourcesFiltering - skip non existing resourceDirectory D:\Ambulance_Service\Back-end\AmbulanceCabService\src\test\resources
2025-01-31 04:25:44,324 [Worker-21: Building] INFO  o.a.m.s.f.DefaultMavenResourcesFiltering - Copying 1 resource from src\main\resources to target\classes
2025-01-31 04:25:44,331 [Worker-21: Building] INFO  o.a.m.s.f.DefaultMavenResourcesFiltering - Copying 0 resource from src\main\resources to target\classes
2025-01-31 04:25:44,338 [Worker-21: Building] INFO  o.a.m.s.f.DefaultMavenResourcesFiltering - skip non existing resourceDirectory D:\Ambulance_Service\Back-end\AmbulanceCabService\src\test\resources
2025-01-31 04:26:13,404 [Worker-1: Building] INFO  o.a.m.s.f.DefaultMavenResourcesFiltering - Copying 1 resource from src\main\resources to target\classes
2025-01-31 04:26:13,412 [Worker-1: Building] INFO  o.a.m.s.f.DefaultMavenResourcesFiltering - Copying 0 resource from src\main\resources to target\classes
2025-01-31 04:26:13,417 [Worker-1: Building] INFO  o.a.m.s.f.DefaultMavenResourcesFiltering - skip non existing resourceDirectory D:\Ambulance_Service\Back-end\AmbulanceCabService\src\test\resources
2025-01-31 04:26:20,470 [main] INFO  o.e.m2e.actions.ExecutePomAction - Creating new launch configuration
2025-01-31 04:26:29,727 [Worker-23: Launching AmbulanceCabService (2)] INFO  o.eclipse.m2e.core.internal.Bundles - getClasspathEntries(Bundle=org.eclipse.m2e.maven.runtime_3.9.900.20240824-1409 [364])
2025-01-31 04:26:29,730 [Worker-23: Launching AmbulanceCabService (2)] INFO  o.eclipse.m2e.core.internal.Bundles - 	Entry: D:\sts-4.27.0.RELEASE\plugins\org.eclipse.m2e.maven.runtime_3.9.900.20240824-1409
2025-01-31 04:26:29,731 [Worker-23: Launching AmbulanceCabService (2)] INFO  o.eclipse.m2e.core.internal.Bundles - 	Entry: D:\sts-4.27.0.RELEASE\plugins\org.eclipse.m2e.maven.runtime_3.9.900.20240824-1409\jars\aopalliance-1.0.jar
2025-01-31 04:26:29,731 [Worker-23: Launching AmbulanceCabService (2)] INFO  o.eclipse.m2e.core.internal.Bundles - 	Entry: D:\sts-4.27.0.RELEASE\plugins\org.eclipse.m2e.maven.runtime_3.9.900.20240824-1409\jars\guice-5.1.0.jar
2025-01-31 04:26:29,731 [Worker-23: Launching AmbulanceCabService (2)] INFO  o.eclipse.m2e.core.internal.Bundles - 	Entry: D:\sts-4.27.0.RELEASE\plugins\org.eclipse.m2e.maven.runtime_3.9.900.20240824-1409\jars\httpclient-4.5.14.jar
2025-01-31 04:26:29,731 [Worker-23: Launching AmbulanceCabService (2)] INFO  o.eclipse.m2e.core.internal.Bundles - 	Entry: D:\sts-4.27.0.RELEASE\plugins\org.eclipse.m2e.maven.runtime_3.9.900.20240824-1409\jars\httpcore-4.4.16.jar
2025-01-31 04:26:29,731 [Worker-23: Launching AmbulanceCabService (2)] INFO  o.eclipse.m2e.core.internal.Bundles - 	Entry: D:\sts-4.27.0.RELEASE\plugins\org.eclipse.m2e.maven.runtime_3.9.900.20240824-1409\jars\jansi-2.4.1.jar
2025-01-31 04:26:29,731 [Worker-23: Launching AmbulanceCabService (2)] INFO  o.eclipse.m2e.core.internal.Bundles - 	Entry: D:\sts-4.27.0.RELEASE\plugins\org.eclipse.m2e.maven.runtime_3.9.900.20240824-1409\jars\jcl-over-slf4j-1.7.36.jar
2025-01-31 04:26:29,731 [Worker-23: Launching AmbulanceCabService (2)] INFO  o.eclipse.m2e.core.internal.Bundles - 	Entry: D:\sts-4.27.0.RELEASE\plugins\org.eclipse.m2e.maven.runtime_3.9.900.20240824-1409\jars\maven-artifact-3.9.9.jar
2025-01-31 04:26:29,731 [Worker-23: Launching AmbulanceCabService (2)] INFO  o.eclipse.m2e.core.internal.Bundles - 	Entry: D:\sts-4.27.0.RELEASE\plugins\org.eclipse.m2e.maven.runtime_3.9.900.20240824-1409\jars\maven-builder-support-3.9.9.jar
2025-01-31 04:26:29,732 [Worker-23: Launching AmbulanceCabService (2)] INFO  o.eclipse.m2e.core.internal.Bundles - 	Entry: D:\sts-4.27.0.RELEASE\plugins\org.eclipse.m2e.maven.runtime_3.9.900.20240824-1409\jars\maven-compat-3.9.9.jar
2025-01-31 04:26:29,732 [Worker-23: Launching AmbulanceCabService (2)] INFO  o.eclipse.m2e.core.internal.Bundles - 	Entry: D:\sts-4.27.0.RELEASE\plugins\org.eclipse.m2e.maven.runtime_3.9.900.20240824-1409\jars\maven-core-3.9.9.jar
2025-01-31 04:26:29,732 [Worker-23: Launching AmbulanceCabService (2)] INFO  o.eclipse.m2e.core.internal.Bundles - 	Entry: D:\sts-4.27.0.RELEASE\plugins\org.eclipse.m2e.maven.runtime_3.9.900.20240824-1409\jars\maven-embedder-3.9.9.jar
2025-01-31 04:26:29,732 [Worker-23: Launching AmbulanceCabService (2)] INFO  o.eclipse.m2e.core.internal.Bundles - 	Entry: D:\sts-4.27.0.RELEASE\plugins\org.eclipse.m2e.maven.runtime_3.9.900.20240824-1409\jars\maven-model-3.9.9.jar
2025-01-31 04:26:29,732 [Worker-23: Launching AmbulanceCabService (2)] INFO  o.eclipse.m2e.core.internal.Bundles - 	Entry: D:\sts-4.27.0.RELEASE\plugins\org.eclipse.m2e.maven.runtime_3.9.900.20240824-1409\jars\maven-model-builder-3.9.9.jar
2025-01-31 04:26:29,732 [Worker-23: Launching AmbulanceCabService (2)] INFO  o.eclipse.m2e.core.internal.Bundles - 	Entry: D:\sts-4.27.0.RELEASE\plugins\org.eclipse.m2e.maven.runtime_3.9.900.20240824-1409\jars\maven-plugin-api-3.9.9.jar
2025-01-31 04:26:29,733 [Worker-23: Launching AmbulanceCabService (2)] INFO  o.eclipse.m2e.core.internal.Bundles - 	Entry: D:\sts-4.27.0.RELEASE\plugins\org.eclipse.m2e.maven.runtime_3.9.900.20240824-1409\jars\maven-repository-metadata-3.9.9.jar
2025-01-31 04:26:29,733 [Worker-23: Launching AmbulanceCabService (2)] INFO  o.eclipse.m2e.core.internal.Bundles - 	Entry: D:\sts-4.27.0.RELEASE\plugins\org.eclipse.m2e.maven.runtime_3.9.900.20240824-1409\jars\maven-resolver-api-1.9.22.jar
2025-01-31 04:26:29,733 [Worker-23: Launching AmbulanceCabService (2)] INFO  o.eclipse.m2e.core.internal.Bundles - 	Entry: D:\sts-4.27.0.RELEASE\plugins\org.eclipse.m2e.maven.runtime_3.9.900.20240824-1409\jars\maven-resolver-connector-basic-1.9.22.jar
2025-01-31 04:26:29,733 [Worker-23: Launching AmbulanceCabService (2)] INFO  o.eclipse.m2e.core.internal.Bundles - 	Entry: D:\sts-4.27.0.RELEASE\plugins\org.eclipse.m2e.maven.runtime_3.9.900.20240824-1409\jars\maven-resolver-impl-1.9.22.jar
2025-01-31 04:26:29,733 [Worker-23: Launching AmbulanceCabService (2)] INFO  o.eclipse.m2e.core.internal.Bundles - 	Entry: D:\sts-4.27.0.RELEASE\plugins\org.eclipse.m2e.maven.runtime_3.9.900.20240824-1409\jars\maven-resolver-named-locks-1.9.22.jar
2025-01-31 04:26:29,733 [Worker-23: Launching AmbulanceCabService (2)] INFO  o.eclipse.m2e.core.internal.Bundles - 	Entry: D:\sts-4.27.0.RELEASE\plugins\org.eclipse.m2e.maven.runtime_3.9.900.20240824-1409\jars\maven-resolver-provider-3.9.9.jar
2025-01-31 04:26:29,733 [Worker-23: Launching AmbulanceCabService (2)] INFO  o.eclipse.m2e.core.internal.Bundles - 	Entry: D:\sts-4.27.0.RELEASE\plugins\org.eclipse.m2e.maven.runtime_3.9.900.20240824-1409\jars\maven-resolver-spi-1.9.22.jar
2025-01-31 04:26:29,734 [Worker-23: Launching AmbulanceCabService (2)] INFO  o.eclipse.m2e.core.internal.Bundles - 	Entry: D:\sts-4.27.0.RELEASE\plugins\org.eclipse.m2e.maven.runtime_3.9.900.20240824-1409\jars\maven-resolver-transport-file-1.9.22.jar
2025-01-31 04:26:29,734 [Worker-23: Launching AmbulanceCabService (2)] INFO  o.eclipse.m2e.core.internal.Bundles - 	Entry: D:\sts-4.27.0.RELEASE\plugins\org.eclipse.m2e.maven.runtime_3.9.900.20240824-1409\jars\maven-resolver-transport-http-1.9.22.jar
2025-01-31 04:26:29,734 [Worker-23: Launching AmbulanceCabService (2)] INFO  o.eclipse.m2e.core.internal.Bundles - 	Entry: D:\sts-4.27.0.RELEASE\plugins\org.eclipse.m2e.maven.runtime_3.9.900.20240824-1409\jars\maven-resolver-transport-wagon-1.9.22.jar
2025-01-31 04:26:29,734 [Worker-23: Launching AmbulanceCabService (2)] INFO  o.eclipse.m2e.core.internal.Bundles - 	Entry: D:\sts-4.27.0.RELEASE\plugins\org.eclipse.m2e.maven.runtime_3.9.900.20240824-1409\jars\maven-resolver-util-1.9.22.jar
2025-01-31 04:26:29,734 [Worker-23: Launching AmbulanceCabService (2)] INFO  o.eclipse.m2e.core.internal.Bundles - 	Entry: D:\sts-4.27.0.RELEASE\plugins\org.eclipse.m2e.maven.runtime_3.9.900.20240824-1409\jars\maven-settings-3.9.9.jar
2025-01-31 04:26:29,734 [Worker-23: Launching AmbulanceCabService (2)] INFO  o.eclipse.m2e.core.internal.Bundles - 	Entry: D:\sts-4.27.0.RELEASE\plugins\org.eclipse.m2e.maven.runtime_3.9.900.20240824-1409\jars\maven-settings-builder-3.9.9.jar
2025-01-31 04:26:29,734 [Worker-23: Launching AmbulanceCabService (2)] INFO  o.eclipse.m2e.core.internal.Bundles - 	Entry: D:\sts-4.27.0.RELEASE\plugins\org.eclipse.m2e.maven.runtime_3.9.900.20240824-1409\jars\maven-shared-utils-3.4.2.jar
2025-01-31 04:26:29,734 [Worker-23: Launching AmbulanceCabService (2)] INFO  o.eclipse.m2e.core.internal.Bundles - 	Entry: D:\sts-4.27.0.RELEASE\plugins\org.eclipse.m2e.maven.runtime_3.9.900.20240824-1409\jars\org.eclipse.sisu.inject-0.9.0.M3.jar
2025-01-31 04:26:29,734 [Worker-23: Launching AmbulanceCabService (2)] INFO  o.eclipse.m2e.core.internal.Bundles - 	Entry: D:\sts-4.27.0.RELEASE\plugins\org.eclipse.m2e.maven.runtime_3.9.900.20240824-1409\jars\org.eclipse.sisu.plexus-0.9.0.M3.jar
2025-01-31 04:26:29,734 [Worker-23: Launching AmbulanceCabService (2)] INFO  o.eclipse.m2e.core.internal.Bundles - 	Entry: D:\sts-4.27.0.RELEASE\plugins\org.eclipse.m2e.maven.runtime_3.9.900.20240824-1409\jars\plexus-build-api-0.0.7.jar
2025-01-31 04:26:29,735 [Worker-23: Launching AmbulanceCabService (2)] INFO  o.eclipse.m2e.core.internal.Bundles - 	Entry: D:\sts-4.27.0.RELEASE\plugins\org.eclipse.m2e.maven.runtime_3.9.900.20240824-1409\jars\plexus-build-api-1.2.0.jar
2025-01-31 04:26:29,735 [Worker-23: Launching AmbulanceCabService (2)] INFO  o.eclipse.m2e.core.internal.Bundles - 	Entry: D:\sts-4.27.0.RELEASE\plugins\org.eclipse.m2e.maven.runtime_3.9.900.20240824-1409\jars\plexus-cipher-2.0.jar
2025-01-31 04:26:29,735 [Worker-23: Launching AmbulanceCabService (2)] INFO  o.eclipse.m2e.core.internal.Bundles - 	Entry: D:\sts-4.27.0.RELEASE\plugins\org.eclipse.m2e.maven.runtime_3.9.900.20240824-1409\jars\plexus-classworlds-2.8.0.jar
2025-01-31 04:26:29,735 [Worker-23: Launching AmbulanceCabService (2)] INFO  o.eclipse.m2e.core.internal.Bundles - 	Entry: D:\sts-4.27.0.RELEASE\plugins\org.eclipse.m2e.maven.runtime_3.9.900.20240824-1409\jars\plexus-component-annotations-2.1.0.jar
2025-01-31 04:26:29,735 [Worker-23: Launching AmbulanceCabService (2)] INFO  o.eclipse.m2e.core.internal.Bundles - 	Entry: D:\sts-4.27.0.RELEASE\plugins\org.eclipse.m2e.maven.runtime_3.9.900.20240824-1409\jars\plexus-interpolation-1.27.jar
2025-01-31 04:26:29,735 [Worker-23: Launching AmbulanceCabService (2)] INFO  o.eclipse.m2e.core.internal.Bundles - 	Entry: D:\sts-4.27.0.RELEASE\plugins\org.eclipse.m2e.maven.runtime_3.9.900.20240824-1409\jars\plexus-sec-dispatcher-2.0.jar
2025-01-31 04:26:29,735 [Worker-23: Launching AmbulanceCabService (2)] INFO  o.eclipse.m2e.core.internal.Bundles - 	Entry: D:\sts-4.27.0.RELEASE\plugins\org.eclipse.m2e.maven.runtime_3.9.900.20240824-1409\jars\plexus-utils-3.5.1.jar
2025-01-31 04:26:29,735 [Worker-23: Launching AmbulanceCabService (2)] INFO  o.eclipse.m2e.core.internal.Bundles - 	Entry: D:\sts-4.27.0.RELEASE\plugins\org.eclipse.m2e.maven.runtime_3.9.900.20240824-1409\jars\plexus-xml-3.0.1.jar
2025-01-31 04:26:29,735 [Worker-23: Launching AmbulanceCabService (2)] INFO  o.eclipse.m2e.core.internal.Bundles - 	Entry: D:\sts-4.27.0.RELEASE\plugins\org.eclipse.m2e.maven.runtime_3.9.900.20240824-1409\jars\wagon-file-3.5.3.jar
2025-01-31 04:26:29,735 [Worker-23: Launching AmbulanceCabService (2)] INFO  o.eclipse.m2e.core.internal.Bundles - 	Entry: D:\sts-4.27.0.RELEASE\plugins\org.eclipse.m2e.maven.runtime_3.9.900.20240824-1409\jars\wagon-http-3.5.3.jar
2025-01-31 04:26:29,736 [Worker-23: Launching AmbulanceCabService (2)] INFO  o.eclipse.m2e.core.internal.Bundles - 	Entry: D:\sts-4.27.0.RELEASE\plugins\org.eclipse.m2e.maven.runtime_3.9.900.20240824-1409\jars\wagon-http-shared-3.5.3.jar
2025-01-31 04:26:29,736 [Worker-23: Launching AmbulanceCabService (2)] INFO  o.eclipse.m2e.core.internal.Bundles - 	Entry: D:\sts-4.27.0.RELEASE\plugins\org.eclipse.m2e.maven.runtime_3.9.900.20240824-1409\jars\wagon-provider-api-3.5.3.jar
2025-01-31 04:26:29,739 [Worker-23: Launching AmbulanceCabService (2)] INFO  o.eclipse.m2e.core.internal.Bundles - getClasspathEntries(Bundle=com.google.guava_33.3.1.jre [29])
2025-01-31 04:26:29,739 [Worker-23: Launching AmbulanceCabService (2)] INFO  o.eclipse.m2e.core.internal.Bundles - 	Entry: D:\sts-4.27.0.RELEASE\plugins\com.google.guava_33.3.1.jre.jar
2025-01-31 04:26:29,739 [Worker-23: Launching AmbulanceCabService (2)] INFO  o.eclipse.m2e.core.internal.Bundles - getClasspathEntries(Bundle=slf4j.api_2.0.16 [615])
2025-01-31 04:26:29,741 [Worker-23: Launching AmbulanceCabService (2)] INFO  o.eclipse.m2e.core.internal.Bundles - 	Entry: D:\sts-4.27.0.RELEASE\plugins\slf4j.api_2.0.16.jar
2025-01-31 04:26:29,741 [Worker-23: Launching AmbulanceCabService (2)] INFO  o.eclipse.m2e.core.internal.Bundles - getClasspathEntries(Bundle=jakarta.inject.jakarta.inject-api_1.0.5 [45])
2025-01-31 04:26:29,742 [Worker-23: Launching AmbulanceCabService (2)] INFO  o.eclipse.m2e.core.internal.Bundles - 	Entry: D:\sts-4.27.0.RELEASE\plugins\jakarta.inject.jakarta.inject-api_1.0.5.jar
2025-01-31 04:26:29,742 [Worker-23: Launching AmbulanceCabService (2)] INFO  o.eclipse.m2e.core.internal.Bundles - getClasspathEntries(Bundle=jakarta.annotation-api_1.3.5 [41])
2025-01-31 04:26:29,742 [Worker-23: Launching AmbulanceCabService (2)] INFO  o.eclipse.m2e.core.internal.Bundles - 	Entry: D:\sts-4.27.0.RELEASE\plugins\jakarta.annotation-api_1.3.5.jar
2025-01-31 04:26:29,742 [Worker-23: Launching AmbulanceCabService (2)] INFO  o.eclipse.m2e.core.internal.Bundles - getClasspathEntries(Bundle=org.apache.commons.cli_1.9.0 [78])
2025-01-31 04:26:29,743 [Worker-23: Launching AmbulanceCabService (2)] INFO  o.eclipse.m2e.core.internal.Bundles - 	Entry: D:\sts-4.27.0.RELEASE\plugins\org.apache.commons.cli_1.9.0.jar
2025-01-31 04:26:29,743 [Worker-23: Launching AmbulanceCabService (2)] INFO  o.eclipse.m2e.core.internal.Bundles - getClasspathEntries(Bundle=org.apache.commons.commons-codec_1.16.0 [81])
2025-01-31 04:26:29,743 [Worker-23: Launching AmbulanceCabService (2)] INFO  o.eclipse.m2e.core.internal.Bundles - 	Entry: D:\sts-4.27.0.RELEASE\plugins\org.apache.commons.commons-codec_1.16.0.jar
2025-01-31 04:26:29,745 [Worker-23: Launching AmbulanceCabService (2)] INFO  o.eclipse.m2e.core.internal.Bundles - getClasspathEntries(Bundle=com.google.guava.failureaccess_1.0.2 [30])
2025-01-31 04:26:29,745 [Worker-23: Launching AmbulanceCabService (2)] INFO  o.eclipse.m2e.core.internal.Bundles - 	Entry: D:\sts-4.27.0.RELEASE\plugins\com.google.guava.failureaccess_1.0.2.jar
2025-01-31 04:26:29,748 [Worker-23: Launching AmbulanceCabService (2)] INFO  o.e.m.i.launch.MavenLaunchDelegate - Run build in "D:\Ambulance_Service\Back-end\AmbulanceCabService":
2025-01-31 04:26:29,749 [Worker-23: Launching AmbulanceCabService (2)] INFO  o.e.m.i.launch.MavenLaunchDelegate -  mvn  -B -Dstyle.color=always clean package
2025-01-31 04:28:21,766 [main] INFO  o.e.m2e.actions.ExecutePomAction - Creating new launch configuration
2025-01-31 04:28:30,476 [Worker-22: Launching AmbulanceCabService (3)] INFO  o.eclipse.m2e.core.internal.Bundles - getClasspathEntries(Bundle=org.eclipse.m2e.maven.runtime_3.9.900.20240824-1409 [364])
2025-01-31 04:28:30,477 [Worker-22: Launching AmbulanceCabService (3)] INFO  o.eclipse.m2e.core.internal.Bundles - 	Entry: D:\sts-4.27.0.RELEASE\plugins\org.eclipse.m2e.maven.runtime_3.9.900.20240824-1409
2025-01-31 04:28:30,478 [Worker-22: Launching AmbulanceCabService (3)] INFO  o.eclipse.m2e.core.internal.Bundles - 	Entry: D:\sts-4.27.0.RELEASE\plugins\org.eclipse.m2e.maven.runtime_3.9.900.20240824-1409\jars\aopalliance-1.0.jar
2025-01-31 04:28:30,478 [Worker-22: Launching AmbulanceCabService (3)] INFO  o.eclipse.m2e.core.internal.Bundles - 	Entry: D:\sts-4.27.0.RELEASE\plugins\org.eclipse.m2e.maven.runtime_3.9.900.20240824-1409\jars\guice-5.1.0.jar
2025-01-31 04:28:30,478 [Worker-22: Launching AmbulanceCabService (3)] INFO  o.eclipse.m2e.core.internal.Bundles - 	Entry: D:\sts-4.27.0.RELEASE\plugins\org.eclipse.m2e.maven.runtime_3.9.900.20240824-1409\jars\httpclient-4.5.14.jar
2025-01-31 04:28:30,479 [Worker-22: Launching AmbulanceCabService (3)] INFO  o.eclipse.m2e.core.internal.Bundles - 	Entry: D:\sts-4.27.0.RELEASE\plugins\org.eclipse.m2e.maven.runtime_3.9.900.20240824-1409\jars\httpcore-4.4.16.jar
2025-01-31 04:28:30,480 [Worker-22: Launching AmbulanceCabService (3)] INFO  o.eclipse.m2e.core.internal.Bundles - 	Entry: D:\sts-4.27.0.RELEASE\plugins\org.eclipse.m2e.maven.runtime_3.9.900.20240824-1409\jars\jansi-2.4.1.jar
2025-01-31 04:28:30,484 [Worker-22: Launching AmbulanceCabService (3)] INFO  o.eclipse.m2e.core.internal.Bundles - 	Entry: D:\sts-4.27.0.RELEASE\plugins\org.eclipse.m2e.maven.runtime_3.9.900.20240824-1409\jars\jcl-over-slf4j-1.7.36.jar
2025-01-31 04:28:30,485 [Worker-22: Launching AmbulanceCabService (3)] INFO  o.eclipse.m2e.core.internal.Bundles - 	Entry: D:\sts-4.27.0.RELEASE\plugins\org.eclipse.m2e.maven.runtime_3.9.900.20240824-1409\jars\maven-artifact-3.9.9.jar
2025-01-31 04:28:30,485 [Worker-22: Launching AmbulanceCabService (3)] INFO  o.eclipse.m2e.core.internal.Bundles - 	Entry: D:\sts-4.27.0.RELEASE\plugins\org.eclipse.m2e.maven.runtime_3.9.900.20240824-1409\jars\maven-builder-support-3.9.9.jar
2025-01-31 04:28:30,485 [Worker-22: Launching AmbulanceCabService (3)] INFO  o.eclipse.m2e.core.internal.Bundles - 	Entry: D:\sts-4.27.0.RELEASE\plugins\org.eclipse.m2e.maven.runtime_3.9.900.20240824-1409\jars\maven-compat-3.9.9.jar
2025-01-31 04:28:30,485 [Worker-22: Launching AmbulanceCabService (3)] INFO  o.eclipse.m2e.core.internal.Bundles - 	Entry: D:\sts-4.27.0.RELEASE\plugins\org.eclipse.m2e.maven.runtime_3.9.900.20240824-1409\jars\maven-core-3.9.9.jar
2025-01-31 04:28:30,485 [Worker-22: Launching AmbulanceCabService (3)] INFO  o.eclipse.m2e.core.internal.Bundles - 	Entry: D:\sts-4.27.0.RELEASE\plugins\org.eclipse.m2e.maven.runtime_3.9.900.20240824-1409\jars\maven-embedder-3.9.9.jar
2025-01-31 04:28:30,485 [Worker-22: Launching AmbulanceCabService (3)] INFO  o.eclipse.m2e.core.internal.Bundles - 	Entry: D:\sts-4.27.0.RELEASE\plugins\org.eclipse.m2e.maven.runtime_3.9.900.20240824-1409\jars\maven-model-3.9.9.jar
2025-01-31 04:28:30,485 [Worker-22: Launching AmbulanceCabService (3)] INFO  o.eclipse.m2e.core.internal.Bundles - 	Entry: D:\sts-4.27.0.RELEASE\plugins\org.eclipse.m2e.maven.runtime_3.9.900.20240824-1409\jars\maven-model-builder-3.9.9.jar
2025-01-31 04:28:30,485 [Worker-22: Launching AmbulanceCabService (3)] INFO  o.eclipse.m2e.core.internal.Bundles - 	Entry: D:\sts-4.27.0.RELEASE\plugins\org.eclipse.m2e.maven.runtime_3.9.900.20240824-1409\jars\maven-plugin-api-3.9.9.jar
2025-01-31 04:28:30,486 [Worker-22: Launching AmbulanceCabService (3)] INFO  o.eclipse.m2e.core.internal.Bundles - 	Entry: D:\sts-4.27.0.RELEASE\plugins\org.eclipse.m2e.maven.runtime_3.9.900.20240824-1409\jars\maven-repository-metadata-3.9.9.jar
2025-01-31 04:28:30,486 [Worker-22: Launching AmbulanceCabService (3)] INFO  o.eclipse.m2e.core.internal.Bundles - 	Entry: D:\sts-4.27.0.RELEASE\plugins\org.eclipse.m2e.maven.runtime_3.9.900.20240824-1409\jars\maven-resolver-api-1.9.22.jar
2025-01-31 04:28:30,486 [Worker-22: Launching AmbulanceCabService (3)] INFO  o.eclipse.m2e.core.internal.Bundles - 	Entry: D:\sts-4.27.0.RELEASE\plugins\org.eclipse.m2e.maven.runtime_3.9.900.20240824-1409\jars\maven-resolver-connector-basic-1.9.22.jar
2025-01-31 04:28:30,488 [Worker-22: Launching AmbulanceCabService (3)] INFO  o.eclipse.m2e.core.internal.Bundles - 	Entry: D:\sts-4.27.0.RELEASE\plugins\org.eclipse.m2e.maven.runtime_3.9.900.20240824-1409\jars\maven-resolver-impl-1.9.22.jar
2025-01-31 04:28:30,488 [Worker-22: Launching AmbulanceCabService (3)] INFO  o.eclipse.m2e.core.internal.Bundles - 	Entry: D:\sts-4.27.0.RELEASE\plugins\org.eclipse.m2e.maven.runtime_3.9.900.20240824-1409\jars\maven-resolver-named-locks-1.9.22.jar
2025-01-31 04:28:30,489 [Worker-22: Launching AmbulanceCabService (3)] INFO  o.eclipse.m2e.core.internal.Bundles - 	Entry: D:\sts-4.27.0.RELEASE\plugins\org.eclipse.m2e.maven.runtime_3.9.900.20240824-1409\jars\maven-resolver-provider-3.9.9.jar
2025-01-31 04:28:30,489 [Worker-22: Launching AmbulanceCabService (3)] INFO  o.eclipse.m2e.core.internal.Bundles - 	Entry: D:\sts-4.27.0.RELEASE\plugins\org.eclipse.m2e.maven.runtime_3.9.900.20240824-1409\jars\maven-resolver-spi-1.9.22.jar
2025-01-31 04:28:30,489 [Worker-22: Launching AmbulanceCabService (3)] INFO  o.eclipse.m2e.core.internal.Bundles - 	Entry: D:\sts-4.27.0.RELEASE\plugins\org.eclipse.m2e.maven.runtime_3.9.900.20240824-1409\jars\maven-resolver-transport-file-1.9.22.jar
2025-01-31 04:28:30,490 [Worker-22: Launching AmbulanceCabService (3)] INFO  o.eclipse.m2e.core.internal.Bundles - 	Entry: D:\sts-4.27.0.RELEASE\plugins\org.eclipse.m2e.maven.runtime_3.9.900.20240824-1409\jars\maven-resolver-transport-http-1.9.22.jar
2025-01-31 04:28:30,490 [Worker-22: Launching AmbulanceCabService (3)] INFO  o.eclipse.m2e.core.internal.Bundles - 	Entry: D:\sts-4.27.0.RELEASE\plugins\org.eclipse.m2e.maven.runtime_3.9.900.20240824-1409\jars\maven-resolver-transport-wagon-1.9.22.jar
2025-01-31 04:28:30,490 [Worker-22: Launching AmbulanceCabService (3)] INFO  o.eclipse.m2e.core.internal.Bundles - 	Entry: D:\sts-4.27.0.RELEASE\plugins\org.eclipse.m2e.maven.runtime_3.9.900.20240824-1409\jars\maven-resolver-util-1.9.22.jar
2025-01-31 04:28:30,490 [Worker-22: Launching AmbulanceCabService (3)] INFO  o.eclipse.m2e.core.internal.Bundles - 	Entry: D:\sts-4.27.0.RELEASE\plugins\org.eclipse.m2e.maven.runtime_3.9.900.20240824-1409\jars\maven-settings-3.9.9.jar
2025-01-31 04:28:30,490 [Worker-22: Launching AmbulanceCabService (3)] INFO  o.eclipse.m2e.core.internal.Bundles - 	Entry: D:\sts-4.27.0.RELEASE\plugins\org.eclipse.m2e.maven.runtime_3.9.900.20240824-1409\jars\maven-settings-builder-3.9.9.jar
2025-01-31 04:28:30,490 [Worker-22: Launching AmbulanceCabService (3)] INFO  o.eclipse.m2e.core.internal.Bundles - 	Entry: D:\sts-4.27.0.RELEASE\plugins\org.eclipse.m2e.maven.runtime_3.9.900.20240824-1409\jars\maven-shared-utils-3.4.2.jar
2025-01-31 04:28:30,490 [Worker-22: Launching AmbulanceCabService (3)] INFO  o.eclipse.m2e.core.internal.Bundles - 	Entry: D:\sts-4.27.0.RELEASE\plugins\org.eclipse.m2e.maven.runtime_3.9.900.20240824-1409\jars\org.eclipse.sisu.inject-0.9.0.M3.jar
2025-01-31 04:28:30,491 [Worker-22: Launching AmbulanceCabService (3)] INFO  o.eclipse.m2e.core.internal.Bundles - 	Entry: D:\sts-4.27.0.RELEASE\plugins\org.eclipse.m2e.maven.runtime_3.9.900.20240824-1409\jars\org.eclipse.sisu.plexus-0.9.0.M3.jar
2025-01-31 04:28:30,491 [Worker-22: Launching AmbulanceCabService (3)] INFO  o.eclipse.m2e.core.internal.Bundles - 	Entry: D:\sts-4.27.0.RELEASE\plugins\org.eclipse.m2e.maven.runtime_3.9.900.20240824-1409\jars\plexus-build-api-0.0.7.jar
2025-01-31 04:28:30,491 [Worker-22: Launching AmbulanceCabService (3)] INFO  o.eclipse.m2e.core.internal.Bundles - 	Entry: D:\sts-4.27.0.RELEASE\plugins\org.eclipse.m2e.maven.runtime_3.9.900.20240824-1409\jars\plexus-build-api-1.2.0.jar
2025-01-31 04:28:30,491 [Worker-22: Launching AmbulanceCabService (3)] INFO  o.eclipse.m2e.core.internal.Bundles - 	Entry: D:\sts-4.27.0.RELEASE\plugins\org.eclipse.m2e.maven.runtime_3.9.900.20240824-1409\jars\plexus-cipher-2.0.jar
2025-01-31 04:28:30,492 [Worker-22: Launching AmbulanceCabService (3)] INFO  o.eclipse.m2e.core.internal.Bundles - 	Entry: D:\sts-4.27.0.RELEASE\plugins\org.eclipse.m2e.maven.runtime_3.9.900.20240824-1409\jars\plexus-classworlds-2.8.0.jar
2025-01-31 04:28:30,492 [Worker-22: Launching AmbulanceCabService (3)] INFO  o.eclipse.m2e.core.internal.Bundles - 	Entry: D:\sts-4.27.0.RELEASE\plugins\org.eclipse.m2e.maven.runtime_3.9.900.20240824-1409\jars\plexus-component-annotations-2.1.0.jar
2025-01-31 04:28:30,492 [Worker-22: Launching AmbulanceCabService (3)] INFO  o.eclipse.m2e.core.internal.Bundles - 	Entry: D:\sts-4.27.0.RELEASE\plugins\org.eclipse.m2e.maven.runtime_3.9.900.20240824-1409\jars\plexus-interpolation-1.27.jar
2025-01-31 04:28:30,492 [Worker-22: Launching AmbulanceCabService (3)] INFO  o.eclipse.m2e.core.internal.Bundles - 	Entry: D:\sts-4.27.0.RELEASE\plugins\org.eclipse.m2e.maven.runtime_3.9.900.20240824-1409\jars\plexus-sec-dispatcher-2.0.jar
2025-01-31 04:28:30,492 [Worker-22: Launching AmbulanceCabService (3)] INFO  o.eclipse.m2e.core.internal.Bundles - 	Entry: D:\sts-4.27.0.RELEASE\plugins\org.eclipse.m2e.maven.runtime_3.9.900.20240824-1409\jars\plexus-utils-3.5.1.jar
2025-01-31 04:28:30,492 [Worker-22: Launching AmbulanceCabService (3)] INFO  o.eclipse.m2e.core.internal.Bundles - 	Entry: D:\sts-4.27.0.RELEASE\plugins\org.eclipse.m2e.maven.runtime_3.9.900.20240824-1409\jars\plexus-xml-3.0.1.jar
2025-01-31 04:28:30,492 [Worker-22: Launching AmbulanceCabService (3)] INFO  o.eclipse.m2e.core.internal.Bundles - 	Entry: D:\sts-4.27.0.RELEASE\plugins\org.eclipse.m2e.maven.runtime_3.9.900.20240824-1409\jars\wagon-file-3.5.3.jar
2025-01-31 04:28:30,492 [Worker-22: Launching AmbulanceCabService (3)] INFO  o.eclipse.m2e.core.internal.Bundles - 	Entry: D:\sts-4.27.0.RELEASE\plugins\org.eclipse.m2e.maven.runtime_3.9.900.20240824-1409\jars\wagon-http-3.5.3.jar
2025-01-31 04:28:30,493 [Worker-22: Launching AmbulanceCabService (3)] INFO  o.eclipse.m2e.core.internal.Bundles - 	Entry: D:\sts-4.27.0.RELEASE\plugins\org.eclipse.m2e.maven.runtime_3.9.900.20240824-1409\jars\wagon-http-shared-3.5.3.jar
2025-01-31 04:28:30,493 [Worker-22: Launching AmbulanceCabService (3)] INFO  o.eclipse.m2e.core.internal.Bundles - 	Entry: D:\sts-4.27.0.RELEASE\plugins\org.eclipse.m2e.maven.runtime_3.9.900.20240824-1409\jars\wagon-provider-api-3.5.3.jar
2025-01-31 04:28:30,494 [Worker-22: Launching AmbulanceCabService (3)] INFO  o.eclipse.m2e.core.internal.Bundles - getClasspathEntries(Bundle=com.google.guava_33.3.1.jre [29])
2025-01-31 04:28:30,494 [Worker-22: Launching AmbulanceCabService (3)] INFO  o.eclipse.m2e.core.internal.Bundles - 	Entry: D:\sts-4.27.0.RELEASE\plugins\com.google.guava_33.3.1.jre.jar
2025-01-31 04:28:30,494 [Worker-22: Launching AmbulanceCabService (3)] INFO  o.eclipse.m2e.core.internal.Bundles - getClasspathEntries(Bundle=slf4j.api_2.0.16 [615])
2025-01-31 04:28:30,494 [Worker-22: Launching AmbulanceCabService (3)] INFO  o.eclipse.m2e.core.internal.Bundles - 	Entry: D:\sts-4.27.0.RELEASE\plugins\slf4j.api_2.0.16.jar
2025-01-31 04:28:30,494 [Worker-22: Launching AmbulanceCabService (3)] INFO  o.eclipse.m2e.core.internal.Bundles - getClasspathEntries(Bundle=jakarta.inject.jakarta.inject-api_1.0.5 [45])
2025-01-31 04:28:30,495 [Worker-22: Launching AmbulanceCabService (3)] INFO  o.eclipse.m2e.core.internal.Bundles - 	Entry: D:\sts-4.27.0.RELEASE\plugins\jakarta.inject.jakarta.inject-api_1.0.5.jar
2025-01-31 04:28:30,495 [Worker-22: Launching AmbulanceCabService (3)] INFO  o.eclipse.m2e.core.internal.Bundles - getClasspathEntries(Bundle=jakarta.annotation-api_1.3.5 [41])
2025-01-31 04:28:30,495 [Worker-22: Launching AmbulanceCabService (3)] INFO  o.eclipse.m2e.core.internal.Bundles - 	Entry: D:\sts-4.27.0.RELEASE\plugins\jakarta.annotation-api_1.3.5.jar
2025-01-31 04:28:30,495 [Worker-22: Launching AmbulanceCabService (3)] INFO  o.eclipse.m2e.core.internal.Bundles - getClasspathEntries(Bundle=org.apache.commons.cli_1.9.0 [78])
2025-01-31 04:28:30,495 [Worker-22: Launching AmbulanceCabService (3)] INFO  o.eclipse.m2e.core.internal.Bundles - 	Entry: D:\sts-4.27.0.RELEASE\plugins\org.apache.commons.cli_1.9.0.jar
2025-01-31 04:28:30,495 [Worker-22: Launching AmbulanceCabService (3)] INFO  o.eclipse.m2e.core.internal.Bundles - getClasspathEntries(Bundle=org.apache.commons.commons-codec_1.16.0 [81])
2025-01-31 04:28:30,495 [Worker-22: Launching AmbulanceCabService (3)] INFO  o.eclipse.m2e.core.internal.Bundles - 	Entry: D:\sts-4.27.0.RELEASE\plugins\org.apache.commons.commons-codec_1.16.0.jar
2025-01-31 04:28:30,495 [Worker-22: Launching AmbulanceCabService (3)] INFO  o.eclipse.m2e.core.internal.Bundles - getClasspathEntries(Bundle=com.google.guava.failureaccess_1.0.2 [30])
2025-01-31 04:28:30,496 [Worker-22: Launching AmbulanceCabService (3)] INFO  o.eclipse.m2e.core.internal.Bundles - 	Entry: D:\sts-4.27.0.RELEASE\plugins\com.google.guava.failureaccess_1.0.2.jar
2025-01-31 04:28:30,497 [Worker-22: Launching AmbulanceCabService (3)] INFO  o.e.m.i.launch.MavenLaunchDelegate - Run build in "D:\Ambulance_Service\Back-end\AmbulanceCabService":
2025-01-31 04:28:30,497 [Worker-22: Launching AmbulanceCabService (3)] INFO  o.e.m.i.launch.MavenLaunchDelegate -  mvn  -B -Dstyle.color=always clean package
2025-01-31 04:28:30,699 [Worker-15: Building] INFO  o.a.m.s.f.DefaultMavenResourcesFiltering - Copying 1 resource from src\main\resources to target\classes
2025-01-31 04:28:30,716 [Worker-15: Building] INFO  o.a.m.s.f.DefaultMavenResourcesFiltering - Copying 0 resource from src\main\resources to target\classes
2025-01-31 04:28:30,721 [Worker-15: Building] INFO  o.a.m.s.f.DefaultMavenResourcesFiltering - skip non existing resourceDirectory D:\Ambulance_Service\Back-end\AmbulanceCabService\src\test\resources
2025-01-31 04:32:11,649 [Worker-5: Loading available Gradle versions] INFO  o.e.b.c.i.u.g.PublishedGradleVersions - Gradle version information cache is up-to-date. Trying to read.
2025-01-31 12:28:04,111 [Worker-4: Loading available Gradle versions] INFO  o.e.b.c.i.u.g.PublishedGradleVersions - Gradle version information cache is up-to-date. Trying to read.
